# start
1356 88 506 630 546 1 0
1357 88 506 630 546 1 0
1358 88 506 630 546 1 0
1359 88 506 630 546 1 0
1360 88 506 630 546 1 0
1361 88 506 630 546 1 0
1362 88 506 630 546 1 0
1363 88 506 630 546 1 0
1364 88 506 630 546 1 0
1365 88 506 630 546 1 0
1366 88 506 630 546 1 0
1367 88 506 630 546 1 0
1368 88 506 630 546 1 0
1369 88 506 630 546 1 0
1370 88 506 630 546 1 0
1371 88 506 630 546 1 0
1372 88 506 630 546 1 0
1373 88 506 630 546 1 0
1374 88 506 630 546 1 0
1375 88 506 630 546 1 0
1376 88 506 630 546 1 0
1377 88 506 630 546 1 0
1378 88 506 630 546 1 0
1379 88 506 630 546 1 0
1380 88 506 630 546 1 0
1381 88 506 630 546 1 0
1382 88 506 630 546 1 0
1383 88 506 630 546 1 0
1384 88 506 630 546 1 0
1385 88 506 630 546 1 0
1386 88 506 630 546 1 0
1387 88 506 630 546 1 0
1388 88 506 630 546 1 0
1389 88 506 630 546 1 0
1390 88 506 630 546 1 0
1391 88 506 630 546 1 0
1392 88 506 630 546 1 0
1393 88 506 630 546 1 0
1394 88 506 630 546 1 0
1395 88 506 630 546 1 0
1396 88 506 630 546 1 0
1397 88 506 630 546 1 0
1398 88 506 630 546 1 0
1399 88 506 630 546 1 0
1400 88 506 630 546 1 0
1401 88 506 630 546 1 0
1402 88 506 630 546 1 0
1403 88 506 630 546 1 0
1404 88 506 630 546 1 0
1405 88 506 630 546 1 0
1406 88 506 630 546 1 0
1407 88 506 630 546 1 0
1408 88 506 630 546 1 0
1409 88 506 630 546 1 0
1410 88 506 630 546 1 0
1411 88 506 630 546 1 0
1412 88 506 630 546 1 0
1413 88 506 630 546 1 0
1414 88 506 630 546 1 0
1415 88 506 630 546 1 0
1416 88 506 630 546 1 0
1417 88 506 630 546 1 0
1418 88 506 630 546 1 0
1419 88 506 630 546 1 0
1420 88 506 630 546 1 0
1421 88 506 630 546 1 0
1422 88 506 630 546 1 0
1423 88 506 630 546 1 0
1424 88 506 630 546 1 0
1425 88 506 630 546 1 0
1426 88 506 630 546 1 0
1427 88 506 630 546 1 0
1428 88 506 630 546 1 0
1429 88 506 630 546 1 0
1430 88 506 630 546 1 0
1431 88 506 630 546 1 0
1432 88 506 630 546 1 0
1433 88 506 630 546 1 0
1434 88 506 630 546 1 0
1435 88 506 630 546 1 0
1436 88 506 630 546 1 0
1437 88 506 630 546 1 0
1438 88 506 630 546 1 0
1439 88 506 630 546 1 0
1440 88 506 630 546 1 0
1441 88 506 630 546 1 0
1442 88 506 630 546 1 0
1443 88 506 630 546 1 0
2324 88 508 630 546 1 0
2325 88 508 630 546 1 0
2326 88 508 630 546 1 0
2327 88 508 630 546 1 0
2328 88 508 630 546 1 0
2329 88 508 630 546 1 0
2330 88 508 630 546 1 0
2331 88 508 630 546 1 0
2332 88 508 630 546 1 0
2333 88 508 630 546 1 0
2334 88 508 630 546 1 0
2335 88 508 630 546 1 0
2336 88 508 630 546 1 0
2337 88 508 630 546 1 0
2338 88 508 630 546 1 0
2339 88 508 630 546 1 0
2340 88 508 630 546 1 0
2341 88 508 630 546 1 0
2342 88 508 630 546 1 0
2343 88 508 630 546 1 0
2344 88 508 630 546 1 0
2345 88 508 630 546 1 0
2346 88 508 630 546 1 0
2347 88 508 630 546 1 0
2348 88 508 630 546 1 0
2349 88 508 630 546 1 0
2350 88 508 630 546 1 0
2351 88 508 630 546 1 0
2352 88 508 630 546 1 0
2353 88 508 630 546 1 0
2354 88 508 630 546 1 0
2355 88 508 630 546 1 0
2356 88 508 630 546 1 0
2357 88 508 630 546 1 0
2358 88 508 630 546 1 0
2359 88 508 630 546 1 0
2360 88 508 630 546 1 0
2361 88 508 630 546 1 0
2362 88 508 630 546 1 0
2363 88 508 630 546 1 0
2364 88 508 630 546 1 0
2365 88 508 630 546 1 0
2366 88 508 630 546 1 0
2367 88 508 630 546 1 0
2368 88 508 630 546 1 0
2369 88 508 630 546 1 0
2370 88 508 630 546 1 0
2371 88 508 630 546 1 0
2372 88 508 630 546 1 0
2373 88 508 630 546 1 0
2374 88 508 630 546 1 0
2375 88 508 630 546 1 0
2376 88 508 630 546 1 0
2377 88 508 630 546 1 0
2378 88 508 630 546 1 0
2379 88 508 630 546 1 0
2380 88 508 630 546 1 0
2381 88 508 630 546 1 0
2382 88 508 630 546 1 0
2383 88 508 630 546 1 0
2384 88 508 630 546 1 0
2385 88 508 630 546 1 0
2386 88 508 630 546 1 0
2387 88 508 630 546 1 0
2388 88 508 630 546 1 0
2389 88 508 630 546 1 0
2390 88 508 630 546 1 0
2391 88 508 630 546 1 0
2392 88 508 630 546 1 0
2393 88 508 630 546 1 0
2394 88 508 630 546 1 0
2395 88 508 630 546 1 0
2396 88 508 630 546 1 0
2397 88 508 630 546 1 0
2398 88 508 630 546 1 0
2399 88 508 630 546 1 0
2400 88 508 630 546 1 0
2401 88 508 630 546 1 0
2402 88 508 630 546 1 0
2403 88 508 630 546 1 0
2404 88 508 630 546 1 0
2405 88 508 630 546 1 0
2406 88 508 630 546 1 0
3394 86 506 630 544 1 0
3395 86 506 630 544 1 0
3396 86 506 630 544 1 0
3397 86 506 630 544 1 0
3398 86 506 630 544 1 0
3399 86 506 630 544 1 0
3400 86 506 630 544 1 0
3401 86 506 630 544 1 0
3402 86 506 630 544 1 0
3403 86 506 630 544 1 0
3404 86 506 630 544 1 0
3405 86 506 630 544 1 0
3406 86 506 630 544 1 0
3407 86 506 630 544 1 0
3408 86 506 630 544 1 0
3409 86 506 630 544 1 0
3410 86 506 630 544 1 0
3411 86 506 630 544 1 0
3412 86 506 630 544 1 0
3413 86 506 630 544 1 0
3414 86 506 630 544 1 0
3415 86 506 630 544 1 0
3416 86 506 630 544 1 0
3417 86 506 630 544 1 0
3418 86 506 630 544 1 0
3419 86 506 630 544 1 0
3420 86 506 630 544 1 0
3421 86 506 630 544 1 0
3422 86 506 630 544 1 0
3423 86 506 630 544 1 0
3424 86 506 630 544 1 0
3425 86 506 630 544 1 0
3426 86 506 630 544 1 0
3427 86 506 630 544 1 0
3428 86 506 630 544 1 0
3429 86 506 630 544 1 0
3430 86 506 630 544 1 0
3431 86 506 630 544 1 0
3432 86 506 630 544 1 0
3433 86 506 630 544 1 0
3434 86 506 630 544 1 0
3435 86 506 630 544 1 0
3436 86 506 630 544 1 0
3437 86 506 630 544 1 0
3438 86 506 630 544 1 0
3439 86 506 630 544 1 0
3440 86 506 630 544 1 0
3441 86 506 630 544 1 0
3442 86 506 630 544 1 0
3443 86 506 630 544 1 0
3444 86 506 630 544 1 0
3445 86 506 630 544 1 0
3446 86 506 630 544 1 0
3447 86 506 630 544 1 0
3448 86 506 630 544 1 0
3449 86 506 630 544 1 0
3450 86 506 630 544 1 0
3451 86 506 630 544 1 0
3452 86 506 630 544 1 0
3453 86 506 630 544 1 0
3454 86 506 630 544 1 0
3455 86 506 630 544 1 0
3456 86 506 630 544 1 0
3457 86 506 630 544 1 0
3458 86 506 630 544 1 0
3459 86 506 630 544 1 0
3460 86 506 630 544 1 0
3461 86 506 630 544 1 0
3462 86 506 630 544 1 0
3463 86 506 630 544 1 0
3464 86 506 630 544 1 0
3465 86 506 630 544 1 0
3466 86 506 630 544 1 0
3467 86 506 630 544 1 0
3468 86 506 630 544 1 0
3469 86 506 630 544 1 0
3470 86 506 630 544 1 0
3471 86 506 630 544 1 0
3472 86 506 630 544 1 0
3473 86 506 630 544 1 0
3474 86 506 630 544 1 0
3475 86 506 630 544 1 0
3476 86 506 630 544 1 0
3477 86 506 630 544 1 0
3478 86 506 630 544 1 0
3945 88 509 629 546 1 0
3946 88 509 629 546 1 0
3947 88 509 629 546 1 0
3948 88 509 629 546 1 0
3949 88 509 629 546 1 0
3950 88 509 629 546 1 0
3951 88 509 629 546 1 0
3952 88 509 629 546 1 0
3953 88 509 629 546 1 0
3954 88 509 629 546 1 0
3955 88 509 629 546 1 0
3956 88 509 629 546 1 0
3957 88 509 629 546 1 0
3958 88 509 629 546 1 0
3959 88 509 629 546 1 0
3960 88 509 629 546 1 0
3961 88 509 629 546 1 0
3962 88 509 629 546 1 0
3963 88 509 629 546 1 0
3964 88 509 629 546 1 0
3965 88 509 629 546 1 0
3966 88 509 629 546 1 0
3967 88 509 629 546 1 0
3968 88 509 629 546 1 0
3969 88 509 629 546 1 0
3970 88 509 629 546 1 0
3971 88 509 629 546 1 0
3972 88 509 629 546 1 0
3973 88 509 629 546 1 0
3974 88 509 629 546 1 0
3975 88 509 629 546 1 0
3976 88 509 629 546 1 0
3977 88 509 629 546 1 0
3978 88 509 629 546 1 0
3979 88 509 629 546 1 0
3980 88 509 629 546 1 0
3981 88 509 629 546 1 0
3982 88 509 629 546 1 0
3983 88 509 629 546 1 0
3984 88 509 629 546 1 0
3985 88 509 629 546 1 0
3986 88 509 629 546 1 0
3987 88 509 629 546 1 0
3988 88 509 629 546 1 0
3989 88 509 629 546 1 0
3990 88 509 629 546 1 0
3991 88 509 629 546 1 0
3992 88 509 629 546 1 0
3993 88 509 629 546 1 0
3994 88 509 629 546 1 0
3995 88 509 629 546 1 0
3996 88 509 629 546 1 0
3997 88 509 629 546 1 0
3998 88 509 629 546 1 0
3999 88 509 629 546 1 0
4000 88 509 629 546 1 0
4684 86 508 627 545 1 0
4685 86 508 627 545 1 0
4686 86 508 627 545 1 0
4687 86 508 627 545 1 0
4688 86 508 627 545 1 0
4689 86 508 627 545 1 0
4690 86 508 627 545 1 0
4691 86 508 627 545 1 0
4692 86 508 627 545 1 0
4693 86 508 627 545 1 0
4694 86 508 627 545 1 0
4695 86 508 627 545 1 0
4696 86 508 627 545 1 0
4697 86 508 627 545 1 0
4698 86 508 627 545 1 0
4699 86 508 627 545 1 0
4700 86 508 627 545 1 0
4701 86 508 627 545 1 0
4702 86 508 627 545 1 0
4703 86 508 627 545 1 0
4704 86 508 627 545 1 0
4705 86 508 627 545 1 0
4706 86 508 627 545 1 0
4707 86 508 627 545 1 0
4708 86 508 627 545 1 0
4709 86 508 627 545 1 0
4710 86 508 627 545 1 0
4711 86 508 627 545 1 0
4712 86 508 627 545 1 0
4713 86 508 627 545 1 0
4714 86 508 627 545 1 0
4715 86 508 627 545 1 0
4716 86 508 627 545 1 0
4717 86 508 627 545 1 0
4718 86 508 627 545 1 0
4719 86 508 627 545 1 0
4720 86 508 627 545 1 0
4721 86 508 627 545 1 0
4722 86 508 627 545 1 0
4723 86 508 627 545 1 0
4724 86 508 627 545 1 0
4725 86 508 627 545 1 0
4726 86 508 627 545 1 0
4727 86 508 627 545 1 0
4728 86 508 627 545 1 0
4729 86 508 627 545 1 0
4730 86 508 627 545 1 0
4731 86 508 627 545 1 0
4732 86 508 627 545 1 0
4733 86 508 627 545 1 0
4734 86 508 627 545 1 0
4735 86 508 627 545 1 0
4736 86 508 627 545 1 0
4737 86 508 627 545 1 0
4738 86 508 627 545 1 0
4739 86 508 627 545 1 0
4740 86 508 627 545 1 0
4741 86 508 627 545 1 0
4742 86 508 627 545 1 0
4743 86 508 627 545 1 0
4744 86 508 627 545 1 0
4745 86 508 627 545 1 0
4746 86 508 627 545 1 0
4747 86 508 627 545 1 0
4748 86 508 627 545 1 0
4749 86 508 627 545 1 0
4750 86 508 627 545 1 0
6244 86 507 629 544 1 0
6245 86 507 629 544 1 0
6246 86 507 629 544 1 0
6247 86 507 629 544 1 0
6248 86 507 629 544 1 0
6249 86 507 629 544 1 0
6250 86 507 629 544 1 0
6251 86 507 629 544 1 0
6252 86 507 629 544 1 0
6253 86 507 629 544 1 0
6254 86 507 629 544 1 0
6255 86 507 629 544 1 0
6256 86 507 629 544 1 0
6257 86 507 629 544 1 0
6258 86 507 629 544 1 0
6259 86 507 629 544 1 0
6260 86 507 629 544 1 0
6261 86 507 629 544 1 0
6262 86 507 629 544 1 0
6263 86 507 629 544 1 0
6264 86 507 629 544 1 0
6265 86 507 629 544 1 0
6266 86 507 629 544 1 0
6267 86 507 629 544 1 0
6268 86 507 629 544 1 0
6269 86 507 629 544 1 0
6270 86 507 629 544 1 0
6271 86 507 629 544 1 0
6272 86 507 629 544 1 0
6273 86 507 629 544 1 0
6274 86 507 629 544 1 0
6275 86 507 629 544 1 0
6276 86 507 629 544 1 0
6277 86 507 629 544 1 0
6278 86 507 629 544 1 0
6279 86 507 629 544 1 0
6280 86 507 629 544 1 0
6281 86 507 629 544 1 0
6282 86 507 629 544 1 0
6283 86 507 629 544 1 0
6284 86 507 629 544 1 0
6285 86 507 629 544 1 0
6286 86 507 629 544 1 0
6287 86 507 629 544 1 0
6288 86 507 629 544 1 0
6289 86 507 629 544 1 0
6290 86 507 629 544 1 0
6291 86 507 629 544 1 0
6292 86 507 629 544 1 0
6293 86 507 629 544 1 0
6294 86 507 629 544 1 0
6295 86 507 629 544 1 0
6296 86 507 629 544 1 0
6297 86 507 629 544 1 0
6298 86 507 629 544 1 0
6299 86 507 629 544 1 0
6300 86 507 629 544 1 0
6301 86 507 629 544 1 0
# end